23:15:06 [DEBUG] (1) grail::uci::connection: Input: "uci"
23:15:06 [DEBUG] (2) grail::uci::connection: Output: "id name Grail"
23:15:06 [DEBUG] (2) grail::uci::connection: Output: "id author Jørgen Hanssen"
23:15:06 [DEBUG] (2) grail::uci::connection: Output: "uciok"
23:15:06 [DEBUG] (1) grail::uci::connection: Input: "isready"
23:15:06 [DEBUG] (2) grail::uci::connection: Output: "readyok"
23:15:06 [DEBUG] (1) grail::uci::connection: Input: "stop"
23:15:06 [DEBUG] (1) grail::uci::connection: Input: "ucinewgame"
23:15:06 [DEBUG] (1) grail::uci::connection: Input: "isready"
23:15:06 [DEBUG] (2) grail::uci::connection: Output: "readyok"
23:15:06 [DEBUG] (1) grail::uci::connection: Input: "position fen rnbqkbnr/pppppppp/8/8/8/8/PPPPPPPP/RNBQKBNR w KQkq - 0 1"
23:15:06 [DEBUG] (1) grail::uci::connection: Input: "go movetime 11000"
23:15:06 [DEBUG] (1) grail::engine::minimax::engine: Move: b1a3, Score: 51
23:15:06 [DEBUG] (1) grail::engine::minimax::engine: Move: b1c3, Score: 56
23:15:06 [DEBUG] (1) grail::engine::minimax::engine: Move: g1f3, Score: 56
23:15:06 [DEBUG] (1) grail::engine::minimax::engine: Move: g1h3, Score: 51
23:15:06 [DEBUG] (1) grail::engine::minimax::engine: Move: a2a3, Score: 44
23:15:06 [DEBUG] (1) grail::engine::minimax::engine: Move: a2a4, Score: 45.5
23:15:06 [DEBUG] (1) grail::engine::minimax::engine: Move: b2b3, Score: 46
23:15:06 [DEBUG] (1) grail::engine::minimax::engine: Move: b2b4, Score: 45.5
23:15:06 [DEBUG] (1) grail::engine::minimax::engine: Move: c2c3, Score: 47
23:15:06 [DEBUG] (1) grail::engine::minimax::engine: Move: c2c4, Score: 47
23:15:06 [DEBUG] (1) grail::engine::minimax::engine: Move: d2d3, Score: 54
23:15:06 [DEBUG] (1) grail::engine::minimax::engine: Move: d2d4, Score: 54.5
23:15:06 [DEBUG] (1) grail::engine::minimax::engine: Move: e2e3, Score: 57
23:15:06 [DEBUG] (1) grail::engine::minimax::engine: Move: e2e4, Score: 56.5
23:15:06 [DEBUG] (1) grail::engine::minimax::engine: Move: f2f3, Score: 45
23:15:06 [DEBUG] (1) grail::engine::minimax::engine: Move: f2f4, Score: 45
23:15:06 [DEBUG] (1) grail::engine::minimax::engine: Move: g2g3, Score: 46
23:15:06 [DEBUG] (1) grail::engine::minimax::engine: Move: g2g4, Score: 45.5
23:15:06 [DEBUG] (1) grail::engine::minimax::engine: Move: h2h3, Score: 44
23:15:06 [DEBUG] (1) grail::engine::minimax::engine: Move: h2h4, Score: 45.5
23:15:06 [DEBUG] (2) grail::uci::connection: Output: "info depth 1 multipv 1 score cp 57 nodes 20 nps 5851 time 3 pv e2e3"
23:15:06 [DEBUG] (1) grail::engine::minimax::engine: Move: b1a3, Score: 38.5
23:15:06 [DEBUG] (1) grail::engine::minimax::engine: Move: b1c3, Score: 43.5
23:15:06 [DEBUG] (1) grail::engine::minimax::engine: Move: g1f3, Score: 43.5
23:15:06 [DEBUG] (1) grail::engine::minimax::engine: Move: g1h3, Score: 40.5
23:15:06 [DEBUG] (1) grail::engine::minimax::engine: Move: a2a3, Score: 38.5
23:15:06 [DEBUG] (1) grail::engine::minimax::engine: Move: a2a4, Score: 40
23:15:06 [DEBUG] (1) grail::engine::minimax::engine: Move: b2b3, Score: 40.5
23:15:06 [DEBUG] (1) grail::engine::minimax::engine: Move: b2b4, Score: 42.5
23:15:06 [DEBUG] (1) grail::engine::minimax::engine: Move: c2c3, Score: 41.5
23:15:06 [DEBUG] (1) grail::engine::minimax::engine: Move: c2c4, Score: 41.5
23:15:06 [DEBUG] (1) grail::engine::minimax::engine: Move: d2d3, Score: 43.5
23:15:06 [DEBUG] (1) grail::engine::minimax::engine: Move: d2d4, Score: 42.5
23:15:06 [DEBUG] (1) grail::engine::minimax::engine: Move: e2e3, Score: 44.5
23:15:06 [DEBUG] (1) grail::engine::minimax::engine: Move: e2e4, Score: 44
23:15:06 [DEBUG] (1) grail::engine::minimax::engine: Move: f2f3, Score: 39.5
23:15:06 [DEBUG] (1) grail::engine::minimax::engine: Move: f2f4, Score: 39.5
23:15:06 [DEBUG] (1) grail::engine::minimax::engine: Move: g2g3, Score: 40.5
23:15:06 [DEBUG] (1) grail::engine::minimax::engine: Move: g2g4, Score: 40
23:15:06 [DEBUG] (1) grail::engine::minimax::engine: Move: h2h3, Score: 38.5
23:15:06 [DEBUG] (1) grail::engine::minimax::engine: Move: h2h4, Score: 40
23:15:06 [DEBUG] (2) grail::uci::connection: Output: "info depth 2 multipv 1 score cp 44 nodes 191 nps 25088 time 7 pv e2e3 e7e5"
23:15:06 [DEBUG] (1) grail::engine::minimax::engine: Move: b1a3, Score: 46.5
23:15:06 [DEBUG] (1) grail::engine::minimax::engine: Move: b1c3, Score: 52.5
23:15:06 [DEBUG] (1) grail::engine::minimax::engine: Move: g1f3, Score: 51
23:15:06 [DEBUG] (1) grail::engine::minimax::engine: Move: g1h3, Score: 48.5
23:15:06 [DEBUG] (1) grail::engine::minimax::engine: Move: a2a3, Score: 47.5
23:15:06 [DEBUG] (1) grail::engine::minimax::engine: Move: a2a4, Score: 48
23:15:06 [DEBUG] (1) grail::engine::minimax::engine: Move: b2b3, Score: 48.5
23:15:06 [DEBUG] (1) grail::engine::minimax::engine: Move: b2b4, Score: 50.5
23:15:06 [DEBUG] (1) grail::engine::minimax::engine: Move: c2c3, Score: 48.5
23:15:06 [DEBUG] (1) grail::engine::minimax::engine: Move: c2c4, Score: 52.5
23:15:06 [DEBUG] (1) grail::engine::minimax::engine: Move: d2d3, Score: 51.5
23:15:06 [DEBUG] (1) grail::engine::minimax::engine: Move: d2d4, Score: 58.5
23:15:06 [DEBUG] (1) grail::engine::minimax::engine: Move: e2e3, Score: 60
23:15:06 [DEBUG] (1) grail::engine::minimax::engine: Move: e2e4, Score: 57
23:15:06 [DEBUG] (1) grail::engine::minimax::engine: Move: f2f3, Score: 54
23:15:06 [DEBUG] (1) grail::engine::minimax::engine: Move: f2f4, Score: 56
23:15:06 [DEBUG] (1) grail::engine::minimax::engine: Move: g2g3, Score: 56
23:15:06 [DEBUG] (1) grail::engine::minimax::engine: Move: g2g4, Score: 55
23:15:06 [DEBUG] (1) grail::engine::minimax::engine: Move: h2h3, Score: 55
23:15:06 [DEBUG] (1) grail::engine::minimax::engine: Move: h2h4, Score: 55.5
23:15:06 [DEBUG] (2) grail::uci::connection: Output: "info depth 3 multipv 1 score cp 60 nodes 1965 nps 108143 time 18 pv e2e3 e7e5 d1g4"
23:15:06 [DEBUG] (1) grail::engine::minimax::engine: Move: b1a3, Score: 35
23:15:06 [DEBUG] (1) grail::engine::minimax::engine: Move: b1c3, Score: 40
23:15:06 [DEBUG] (1) grail::engine::minimax::engine: Move: g1f3, Score: 42.5
23:15:06 [DEBUG] (1) grail::engine::minimax::engine: Move: g1h3, Score: 42
23:15:06 [DEBUG] (1) grail::engine::minimax::engine: Move: a2a3, Score: 41
23:15:06 [DEBUG] (1) grail::engine::minimax::engine: Move: a2a4, Score: 42.5
23:15:06 [DEBUG] (1) grail::engine::minimax::engine: Move: b2b3, Score: 42
23:15:06 [DEBUG] (1) grail::engine::minimax::engine: Move: b2b4, Score: 41
23:15:06 [DEBUG] (1) grail::engine::minimax::engine: Move: c2c3, Score: 42.5
23:15:06 [DEBUG] (1) grail::engine::minimax::engine: Move: c2c4, Score: 42.5
23:15:06 [DEBUG] (1) grail::engine::minimax::engine: Move: d2d3, Score: 42.5
23:15:06 [DEBUG] (1) grail::engine::minimax::engine: Move: d2d4, Score: 44.5
23:15:06 [DEBUG] (1) grail::engine::minimax::engine: Move: e2e3, Score: 48
23:15:06 [DEBUG] (1) grail::engine::minimax::engine: Move: e2e4, Score: 47
23:15:06 [DEBUG] (1) grail::engine::minimax::engine: Move: f2f3, Score: 48
23:15:06 [DEBUG] (1) grail::engine::minimax::engine: Move: f2f4, Score: 48
23:15:06 [DEBUG] (1) grail::engine::minimax::engine: Move: g2g3, Score: 48
23:15:06 [DEBUG] (1) grail::engine::minimax::engine: Move: g2g4, Score: 48
23:15:06 [DEBUG] (1) grail::engine::minimax::engine: Move: h2h3, Score: 48
23:15:06 [DEBUG] (1) grail::engine::minimax::engine: Move: h2h4, Score: 48
23:15:06 [DEBUG] (2) grail::uci::connection: Output: "info depth 4 multipv 1 score cp 48 nodes 11152 nps 263972 time 42 pv e2e3 d7d5 f1b5 c7c6"
23:15:06 [DEBUG] (1) grail::engine::minimax::engine: Move: b1a3, Score: 55.5
23:15:06 [DEBUG] (1) grail::engine::minimax::engine: Move: b1c3, Score: 55.5
23:15:06 [DEBUG] (1) grail::engine::minimax::engine: Move: g1f3, Score: 60.5
23:15:06 [DEBUG] (1) grail::engine::minimax::engine: Move: g1h3, Score: 60
23:15:06 [DEBUG] (1) grail::engine::minimax::engine: Move: a2a3, Score: 60
23:15:06 [DEBUG] (1) grail::engine::minimax::engine: Move: a2a4, Score: 60.5
23:15:06 [DEBUG] (1) grail::engine::minimax::engine: Move: b2b3, Score: 64.5
23:15:06 [DEBUG] (1) grail::engine::minimax::engine: Move: b2b4, Score: 56.5
23:15:06 [DEBUG] (1) grail::engine::minimax::engine: Move: c2c3, Score: 142.5
23:15:06 [DEBUG] (1) grail::engine::minimax::engine: Move: c2c4, Score: 70
23:15:06 [DEBUG] (1) grail::engine::minimax::engine: Move: d2d3, Score: 141.5
23:15:06 [DEBUG] (1) grail::engine::minimax::engine: Move: d2d4, Score: 80
23:15:06 [DEBUG] (1) grail::engine::minimax::engine: Move: e2e3, Score: 139.5
23:15:06 [DEBUG] (1) grail::engine::minimax::engine: Move: e2e4, Score: 141
23:15:06 [DEBUG] (1) grail::engine::minimax::engine: Move: f2f3, Score: 66.5
23:15:06 [DEBUG] (1) grail::engine::minimax::engine: Move: f2f4, Score: 73
23:15:06 [DEBUG] (1) grail::engine::minimax::engine: Move: g2g3, Score: 74
23:15:06 [DEBUG] (1) grail::engine::minimax::engine: Move: g2g4, Score: 70
23:15:06 [DEBUG] (1) grail::engine::minimax::engine: Move: h2h3, Score: 71
23:15:06 [DEBUG] (1) grail::engine::minimax::engine: Move: h2h4, Score: 71
23:15:06 [DEBUG] (2) grail::uci::connection: Output: "info depth 5 multipv 1 score cp 142 nodes 47450 nps 270359 time 175 pv c2c3 b8a6 d1b3 a8b8 b3f7"
23:15:06 [DEBUG] (1) grail::engine::minimax::engine: Move: b1a3, Score: 34
23:15:06 [DEBUG] (1) grail::engine::minimax::engine: Move: b1c3, Score: 41.5
23:15:06 [DEBUG] (1) grail::engine::minimax::engine: Move: g1f3, Score: 44
23:15:06 [DEBUG] (1) grail::engine::minimax::engine: Move: g1h3, Score: 44
23:15:06 [DEBUG] (1) grail::engine::minimax::engine: Move: a2a3, Score: 44
23:15:06 [DEBUG] (1) grail::engine::minimax::engine: Move: a2a4, Score: 44
23:15:06 [DEBUG] (1) grail::engine::minimax::engine: Move: b2b3, Score: 44
23:15:06 [DEBUG] (1) grail::engine::minimax::engine: Move: b2b4, Score: 43.5
23:15:06 [DEBUG] (1) grail::engine::minimax::engine: Move: c2c3, Score: 44
23:15:06 [DEBUG] (1) grail::engine::minimax::engine: Move: c2c4, Score: 44
23:15:06 [DEBUG] (1) grail::engine::minimax::engine: Move: d2d3, Score: 44
23:15:06 [DEBUG] (1) grail::engine::minimax::engine: Move: d2d4, Score: 44
23:15:06 [DEBUG] (1) grail::engine::minimax::engine: Move: e2e3, Score: 44
23:15:06 [DEBUG] (1) grail::engine::minimax::engine: Move: e2e4, Score: 44
23:15:06 [DEBUG] (1) grail::engine::minimax::engine: Move: f2f3, Score: 44
23:15:06 [DEBUG] (1) grail::engine::minimax::engine: Move: f2f4, Score: 44
23:15:06 [DEBUG] (1) grail::engine::minimax::engine: Move: g2g3, Score: 44
23:15:06 [DEBUG] (1) grail::engine::minimax::engine: Move: g2g4, Score: 44
23:15:06 [DEBUG] (1) grail::engine::minimax::engine: Move: h2h3, Score: 44
23:15:06 [DEBUG] (1) grail::engine::minimax::engine: Move: h2h4, Score: 44
23:15:06 [DEBUG] (2) grail::uci::connection: Output: "info depth 6 multipv 1 score cp 44 nodes 424263 nps 494302 time 858 pv g1f3 d7d5 e2e3 d8d6 f1b5 c7c6"
23:15:08 [DEBUG] (1) grail::engine::minimax::engine: Move: b1a3, Score: 81.5
23:15:09 [DEBUG] (1) grail::engine::minimax::engine: Move: b1c3, Score: 125.5
23:15:10 [DEBUG] (1) grail::engine::minimax::engine: Move: g1f3, Score: 130.5
23:15:10 [DEBUG] (1) grail::engine::minimax::engine: Move: g1h3, Score: 130.5
23:15:10 [DEBUG] (1) grail::engine::minimax::engine: Move: a2a3, Score: 129.5
23:15:10 [DEBUG] (1) grail::engine::minimax::engine: Move: a2a4, Score: 130
23:15:10 [DEBUG] (1) grail::engine::minimax::engine: Move: b2b3, Score: 130.5
23:15:10 [DEBUG] (1) grail::engine::minimax::engine: Move: b2b4, Score: 124.5
23:15:11 [DEBUG] (1) grail::engine::minimax::engine: Move: c2c3, Score: 147.5
23:15:11 [DEBUG] (1) grail::engine::minimax::engine: Move: c2c4, Score: 147
23:15:11 [DEBUG] (1) grail::engine::minimax::engine: Move: d2d3, Score: 147.5
23:15:11 [DEBUG] (1) grail::engine::minimax::engine: Move: d2d4, Score: 146
23:15:11 [DEBUG] (1) grail::engine::minimax::engine: Move: e2e3, Score: 147.5
23:15:11 [DEBUG] (1) grail::engine::minimax::engine: Move: e2e4, Score: 145.5
23:15:11 [DEBUG] (1) grail::engine::minimax::engine: Move: f2f3, Score: 147
23:15:11 [DEBUG] (1) grail::engine::minimax::engine: Move: f2f4, Score: 147
23:15:11 [DEBUG] (1) grail::engine::minimax::engine: Move: g2g3, Score: 147.5
23:15:11 [DEBUG] (1) grail::engine::minimax::engine: Move: g2g4, Score: 147.5
23:15:11 [DEBUG] (1) grail::engine::minimax::engine: Move: h2h3, Score: 147
23:15:11 [DEBUG] (1) grail::engine::minimax::engine: Move: h2h4, Score: 147.5
23:15:11 [DEBUG] (2) grail::uci::connection: Output: "info depth 7 multipv 1 score cp 147 nodes 2051673 nps 354999 time 5779 pv c2c3 a7a5 d1b3 g8f6 b3b5 a8a6"
23:15:19 [DEBUG] (1) grail::engine::minimax::engine: Move: b1a3, Score: 32.5
23:15:23 [DEBUG] (1) grail::engine::minimax::engine: Move: b1c3, Score: 41
23:15:27 [DEBUG] (1) grail::engine::minimax::engine: Move: g1f3, Score: 43.5
23:15:27 [DEBUG] (1) grail::engine::minimax::engine: Move: g1h3, Score: 43.5
23:15:28 [DEBUG] (1) grail::engine::minimax::engine: Move: a2a3, Score: 43.5
23:15:29 [DEBUG] (1) grail::engine::minimax::engine: Move: a2a4, Score: 43.5
23:15:29 [DEBUG] (1) grail::engine::minimax::engine: Move: b2b3, Score: 43.5
23:15:29 [DEBUG] (1) grail::engine::minimax::engine: Move: b2b4, Score: 43.5
23:15:31 [DEBUG] (1) grail::engine::minimax::engine: Move: c2c3, Score: 43.5
23:15:32 [DEBUG] (1) grail::engine::minimax::engine: Move: c2c4, Score: 43.5
23:15:32 [DEBUG] (1) grail::engine::minimax::engine: Move: d2d3, Score: 43.5
23:15:34 [DEBUG] (1) grail::engine::minimax::engine: Move: d2d4, Score: 43.5
23:15:37 [DEBUG] (1) grail::engine::minimax::engine: Move: e2e3, Score: 44
23:15:39 [DEBUG] (1) grail::engine::minimax::engine: Move: e2e4, Score: 44
23:15:39 [DEBUG] (1) grail::engine::minimax::engine: Move: f2f3, Score: 44
23:15:39 [DEBUG] (1) grail::engine::minimax::engine: Move: f2f4, Score: 44
23:15:39 [DEBUG] (1) grail::engine::minimax::engine: Move: g2g3, Score: 44
23:15:39 [DEBUG] (1) grail::engine::minimax::engine: Move: g2g4, Score: 44
23:15:40 [DEBUG] (1) grail::engine::minimax::engine: Move: h2h3, Score: 44
23:15:40 [DEBUG] (1) grail::engine::minimax::engine: Move: h2h4, Score: 44
23:15:40 [DEBUG] (2) grail::uci::connection: Output: "info depth 8 multipv 1 score cp 44 nodes 20036090 nps 583891 time 34314 pv e2e3 h7h5 d1f3 a7a5 f3f4 a8a6"
23:15:40 [DEBUG] (2) grail::uci::connection: Output: "bestmove e2e3"
